<?xml version="1.0" encoding="UTF-8"?>
<testng-results skipped="0" failed="0" total="1" passed="1">
  <reporter-output>
  </reporter-output>
  <suite name="Default suite" duration-ms="339" started-at="2015-03-26T09:32:13Z" finished-at="2015-03-26T09:32:13Z">
    <groups>
    </groups>
    <test name="Default test" duration-ms="339" started-at="2015-03-26T09:32:13Z" finished-at="2015-03-26T09:32:13Z">
      <class name="crazy.tools.ExcelReaderByPOITool">
        <test-method status="PASS" signature="testThisTool()[pri:0, instance:crazy.tools.ExcelReaderByPOITool@7d417077]" name="testThisTool" duration-ms="325" started-at="2015-03-26T17:32:13Z" finished-at="2015-03-26T17:32:13Z">
          <reporter-output>
          </reporter-output>
        </test-method> <!-- testThisTool -->
      </class> <!-- crazy.tools.ExcelReaderByPOITool -->
    </test> <!-- Default test -->
  </suite> <!-- Default suite -->
</testng-results>
